<?xml version="1.0" encoding="UTF-8"?>
<!-- Generated by org.testng.reporters.JUnitReportReporter -->
<testsuite hostname="sumanth" failures="0" tests="3" name="parallel.NewTest" time="59.453" errors="0" timestamp="2022-10-12T10:40:36 IST" skipped="0">
  <testcase classname="parallel.NewTest" name="sandeal" time="18.929"/>
  <system-out/>
  <testcase classname="parallel.NewTest" name="flipkart" time="37.958"/>
  <system-out/>
  <testcase classname="parallel.NewTest" name="f" time="2.566"/>
  <system-out/>
</testsuite> <!-- parallel.NewTest -->
